02-Dec-2025 04:15:09.247 INFO [main] org.apache.catalina.startup.VersionLoggerListener.log Server version name:   Apache Tomcat/9.0.112
02-Dec-2025 04:15:09.251 INFO [main] org.apache.catalina.startup.VersionLoggerListener.log Server built:          Nov 6 2025 07:46:18 UTC
02-Dec-2025 04:15:09.251 INFO [main] org.apache.catalina.startup.VersionLoggerListener.log Server version number: 9.0.112.0
02-Dec-2025 04:15:09.251 INFO [main] org.apache.catalina.startup.VersionLoggerListener.log OS Name:               Windows 11
02-Dec-2025 04:15:09.251 INFO [main] org.apache.catalina.startup.VersionLoggerListener.log OS Version:            10.0
02-Dec-2025 04:15:09.252 INFO [main] org.apache.catalina.startup.VersionLoggerListener.log Architecture:          amd64
02-Dec-2025 04:15:09.252 INFO [main] org.apache.catalina.startup.VersionLoggerListener.log Java Home:             C:\Program Files\Java\jdk-25
02-Dec-2025 04:15:09.252 INFO [main] org.apache.catalina.startup.VersionLoggerListener.log JVM Version:           25+37-LTS-3491
02-Dec-2025 04:15:09.252 INFO [main] org.apache.catalina.startup.VersionLoggerListener.log JVM Vendor:            Oracle Corporation
02-Dec-2025 04:15:09.253 INFO [main] org.apache.catalina.startup.VersionLoggerListener.log CATALINA_BASE:         C:\Users\pvptr\Desktop\DefectLoginSystem\Tomcat
02-Dec-2025 04:15:09.253 INFO [main] org.apache.catalina.startup.VersionLoggerListener.log CATALINA_HOME:         C:\Users\pvptr\Desktop\DefectLoginSystem\Tomcat
02-Dec-2025 04:15:09.271 INFO [main] org.apache.catalina.startup.VersionLoggerListener.log Command line argument: --add-opens=java.base/java.lang=ALL-UNNAMED
02-Dec-2025 04:15:09.271 INFO [main] org.apache.catalina.startup.VersionLoggerListener.log Command line argument: --add-opens=java.base/java.lang.invoke=ALL-UNNAMED
02-Dec-2025 04:15:09.271 INFO [main] org.apache.catalina.startup.VersionLoggerListener.log Command line argument: --add-opens=java.base/java.lang.reflect=ALL-UNNAMED
02-Dec-2025 04:15:09.271 INFO [main] org.apache.catalina.startup.VersionLoggerListener.log Command line argument: --add-opens=java.base/java.io=ALL-UNNAMED
02-Dec-2025 04:15:09.271 INFO [main] org.apache.catalina.startup.VersionLoggerListener.log Command line argument: --add-opens=java.base/java.util=ALL-UNNAMED
02-Dec-2025 04:15:09.272 INFO [main] org.apache.catalina.startup.VersionLoggerListener.log Command line argument: --add-opens=java.base/java.util.concurrent=ALL-UNNAMED
02-Dec-2025 04:15:09.272 INFO [main] org.apache.catalina.startup.VersionLoggerListener.log Command line argument: --add-opens=java.rmi/sun.rmi.transport=ALL-UNNAMED
02-Dec-2025 04:15:09.272 INFO [main] org.apache.catalina.startup.VersionLoggerListener.log Command line argument: -Djava.util.logging.config.file=C:\Users\pvptr\Desktop\DefectLoginSystem\Tomcat\conf\logging.properties
02-Dec-2025 04:15:09.272 INFO [main] org.apache.catalina.startup.VersionLoggerListener.log Command line argument: -Djava.util.logging.manager=org.apache.juli.ClassLoaderLogManager
02-Dec-2025 04:15:09.272 INFO [main] org.apache.catalina.startup.VersionLoggerListener.log Command line argument: -Djdk.tls.ephemeralDHKeySize=2048
02-Dec-2025 04:15:09.272 INFO [main] org.apache.catalina.startup.VersionLoggerListener.log Command line argument: -Djava.protocol.handler.pkgs=org.apache.catalina.webresources
02-Dec-2025 04:15:09.272 INFO [main] org.apache.catalina.startup.VersionLoggerListener.log Command line argument: -Dsun.io.useCanonCaches=false
02-Dec-2025 04:15:09.273 INFO [main] org.apache.catalina.startup.VersionLoggerListener.log Command line argument: -Dignore.endorsed.dirs=
02-Dec-2025 04:15:09.273 INFO [main] org.apache.catalina.startup.VersionLoggerListener.log Command line argument: -Dcatalina.base=C:\Users\pvptr\Desktop\DefectLoginSystem\Tomcat
02-Dec-2025 04:15:09.273 INFO [main] org.apache.catalina.startup.VersionLoggerListener.log Command line argument: -Dcatalina.home=C:\Users\pvptr\Desktop\DefectLoginSystem\Tomcat
02-Dec-2025 04:15:09.273 INFO [main] org.apache.catalina.startup.VersionLoggerListener.log Command line argument: -Djava.io.tmpdir=C:\Users\pvptr\Desktop\DefectLoginSystem\Tomcat\temp
02-Dec-2025 04:15:09.284 INFO [main] org.apache.catalina.core.AprLifecycleListener.lifecycleEvent Loaded Apache Tomcat Native library [1.3.1] using APR version [1.7.4].
02-Dec-2025 04:15:09.284 INFO [main] org.apache.catalina.core.AprLifecycleListener.lifecycleEvent APR capabilities: IPv6 [true], sendfile [true], accept filters [false], random [true], UDS [true].
02-Dec-2025 04:15:09.284 INFO [main] org.apache.catalina.core.AprLifecycleListener.lifecycleEvent APR/OpenSSL configuration: useAprConnector [false], useOpenSSL [true]
02-Dec-2025 04:15:09.301 INFO [main] org.apache.catalina.core.AprLifecycleListener.initializeSSL OpenSSL successfully initialized [OpenSSL 3.0.14 4 Jun 2024]
02-Dec-2025 04:15:09.639 INFO [main] org.apache.coyote.AbstractProtocol.init Initializing ProtocolHandler ["http-nio-8080"]
02-Dec-2025 04:15:09.677 INFO [main] org.apache.catalina.startup.Catalina.load Server initialization in [673] milliseconds
02-Dec-2025 04:15:09.740 INFO [main] org.apache.catalina.core.StandardService.startInternal Starting service [Catalina]
02-Dec-2025 04:15:09.740 INFO [main] org.apache.catalina.core.StandardEngine.startInternal Starting Servlet engine: [Apache Tomcat/9.0.112]
02-Dec-2025 04:15:09.761 INFO [main] org.apache.catalina.startup.HostConfig.deployWAR Deploying web application archive [C:\Users\pvptr\Desktop\DefectLoginSystem\Tomcat\webapps\Login_V.war]
02-Dec-2025 04:15:09.934 WARNING [main] org.apache.tomcat.util.descriptor.web.WebXml.setVersion Unknown version string [6.0]. Default version will be used.
02-Dec-2025 04:15:10.509 INFO [main] org.apache.jasper.servlet.TldScanner.scanJars At least one JAR was scanned for TLDs yet contained no TLDs. Enable debug logging for this logger for a complete list of JARs that were scanned but no TLDs were found in them. Skipping unneeded JARs during scanning can improve startup time and JSP compilation time.
02-Dec-2025 04:15:10.581 INFO [main] org.apache.catalina.startup.HostConfig.deployWAR Deployment of web application archive [C:\Users\pvptr\Desktop\DefectLoginSystem\Tomcat\webapps\Login_V.war] has finished in [817] ms
02-Dec-2025 04:15:10.582 INFO [main] org.apache.catalina.startup.HostConfig.deployDirectory Deploying web application directory [C:\Users\pvptr\Desktop\DefectLoginSystem\Tomcat\webapps\docs]
02-Dec-2025 04:15:10.626 INFO [main] org.apache.catalina.startup.HostConfig.deployDirectory Deployment of web application directory [C:\Users\pvptr\Desktop\DefectLoginSystem\Tomcat\webapps\docs] has finished in [44] ms
02-Dec-2025 04:15:10.626 INFO [main] org.apache.catalina.startup.HostConfig.deployDirectory Deploying web application directory [C:\Users\pvptr\Desktop\DefectLoginSystem\Tomcat\webapps\examples]
02-Dec-2025 04:15:11.006 INFO [main] org.apache.catalina.startup.HostConfig.deployDirectory Deployment of web application directory [C:\Users\pvptr\Desktop\DefectLoginSystem\Tomcat\webapps\examples] has finished in [380] ms
02-Dec-2025 04:15:11.007 INFO [main] org.apache.catalina.startup.HostConfig.deployDirectory Deploying web application directory [C:\Users\pvptr\Desktop\DefectLoginSystem\Tomcat\webapps\host-manager]
02-Dec-2025 04:15:11.048 INFO [main] org.apache.catalina.startup.HostConfig.deployDirectory Deployment of web application directory [C:\Users\pvptr\Desktop\DefectLoginSystem\Tomcat\webapps\host-manager] has finished in [42] ms
02-Dec-2025 04:15:11.048 INFO [main] org.apache.catalina.startup.HostConfig.deployDirectory Deploying web application directory [C:\Users\pvptr\Desktop\DefectLoginSystem\Tomcat\webapps\manager]
02-Dec-2025 04:15:11.086 INFO [main] org.apache.catalina.startup.HostConfig.deployDirectory Deployment of web application directory [C:\Users\pvptr\Desktop\DefectLoginSystem\Tomcat\webapps\manager] has finished in [38] ms
02-Dec-2025 04:15:11.086 INFO [main] org.apache.catalina.startup.HostConfig.deployDirectory Deploying web application directory [C:\Users\pvptr\Desktop\DefectLoginSystem\Tomcat\webapps\ROOT]
02-Dec-2025 04:15:11.115 INFO [main] org.apache.catalina.startup.HostConfig.deployDirectory Deployment of web application directory [C:\Users\pvptr\Desktop\DefectLoginSystem\Tomcat\webapps\ROOT] has finished in [29] ms
02-Dec-2025 04:15:11.120 INFO [main] org.apache.coyote.AbstractProtocol.start Starting ProtocolHandler ["http-nio-8080"]
02-Dec-2025 04:15:11.150 INFO [main] org.apache.catalina.startup.Catalina.start Server startup in [1467] milliseconds
02-Dec-2025 04:34:47.387 INFO [main] org.apache.catalina.startup.VersionLoggerListener.log Server version name:   Apache Tomcat/9.0.112
02-Dec-2025 04:34:47.390 INFO [main] org.apache.catalina.startup.VersionLoggerListener.log Server built:          Nov 6 2025 07:46:18 UTC
02-Dec-2025 04:34:47.390 INFO [main] org.apache.catalina.startup.VersionLoggerListener.log Server version number: 9.0.112.0
02-Dec-2025 04:34:47.390 INFO [main] org.apache.catalina.startup.VersionLoggerListener.log OS Name:               Windows 11
02-Dec-2025 04:34:47.390 INFO [main] org.apache.catalina.startup.VersionLoggerListener.log OS Version:            10.0
02-Dec-2025 04:34:47.390 INFO [main] org.apache.catalina.startup.VersionLoggerListener.log Architecture:          amd64
02-Dec-2025 04:34:47.391 INFO [main] org.apache.catalina.startup.VersionLoggerListener.log Java Home:             C:\Program Files\Java\jdk-25
02-Dec-2025 04:34:47.391 INFO [main] org.apache.catalina.startup.VersionLoggerListener.log JVM Version:           25+37-LTS-3491
02-Dec-2025 04:34:47.391 INFO [main] org.apache.catalina.startup.VersionLoggerListener.log JVM Vendor:            Oracle Corporation
02-Dec-2025 04:34:47.391 INFO [main] org.apache.catalina.startup.VersionLoggerListener.log CATALINA_BASE:         C:\Users\pvptr\Desktop\DefectLoginSystem\Tomcat
02-Dec-2025 04:34:47.391 INFO [main] org.apache.catalina.startup.VersionLoggerListener.log CATALINA_HOME:         C:\Users\pvptr\Desktop\DefectLoginSystem\Tomcat
02-Dec-2025 04:34:47.399 INFO [main] org.apache.catalina.startup.VersionLoggerListener.log Command line argument: --add-opens=java.base/java.lang=ALL-UNNAMED
02-Dec-2025 04:34:47.399 INFO [main] org.apache.catalina.startup.VersionLoggerListener.log Command line argument: --add-opens=java.base/java.lang.invoke=ALL-UNNAMED
02-Dec-2025 04:34:47.399 INFO [main] org.apache.catalina.startup.VersionLoggerListener.log Command line argument: --add-opens=java.base/java.lang.reflect=ALL-UNNAMED
02-Dec-2025 04:34:47.399 INFO [main] org.apache.catalina.startup.VersionLoggerListener.log Command line argument: --add-opens=java.base/java.io=ALL-UNNAMED
02-Dec-2025 04:34:47.399 INFO [main] org.apache.catalina.startup.VersionLoggerListener.log Command line argument: --add-opens=java.base/java.util=ALL-UNNAMED
02-Dec-2025 04:34:47.400 INFO [main] org.apache.catalina.startup.VersionLoggerListener.log Command line argument: --add-opens=java.base/java.util.concurrent=ALL-UNNAMED
02-Dec-2025 04:34:47.400 INFO [main] org.apache.catalina.startup.VersionLoggerListener.log Command line argument: --add-opens=java.rmi/sun.rmi.transport=ALL-UNNAMED
02-Dec-2025 04:34:47.400 INFO [main] org.apache.catalina.startup.VersionLoggerListener.log Command line argument: -Djava.util.logging.config.file=C:\Users\pvptr\Desktop\DefectLoginSystem\Tomcat\conf\logging.properties
02-Dec-2025 04:34:47.400 INFO [main] org.apache.catalina.startup.VersionLoggerListener.log Command line argument: -Djava.util.logging.manager=org.apache.juli.ClassLoaderLogManager
02-Dec-2025 04:34:47.400 INFO [main] org.apache.catalina.startup.VersionLoggerListener.log Command line argument: -Djdk.tls.ephemeralDHKeySize=2048
02-Dec-2025 04:34:47.400 INFO [main] org.apache.catalina.startup.VersionLoggerListener.log Command line argument: -Djava.protocol.handler.pkgs=org.apache.catalina.webresources
02-Dec-2025 04:34:47.400 INFO [main] org.apache.catalina.startup.VersionLoggerListener.log Command line argument: -Dsun.io.useCanonCaches=false
02-Dec-2025 04:34:47.400 INFO [main] org.apache.catalina.startup.VersionLoggerListener.log Command line argument: -Dignore.endorsed.dirs=
02-Dec-2025 04:34:47.401 INFO [main] org.apache.catalina.startup.VersionLoggerListener.log Command line argument: -Dcatalina.base=C:\Users\pvptr\Desktop\DefectLoginSystem\Tomcat
02-Dec-2025 04:34:47.401 INFO [main] org.apache.catalina.startup.VersionLoggerListener.log Command line argument: -Dcatalina.home=C:\Users\pvptr\Desktop\DefectLoginSystem\Tomcat
02-Dec-2025 04:34:47.401 INFO [main] org.apache.catalina.startup.VersionLoggerListener.log Command line argument: -Djava.io.tmpdir=C:\Users\pvptr\Desktop\DefectLoginSystem\Tomcat\temp
02-Dec-2025 04:34:47.407 INFO [main] org.apache.catalina.core.AprLifecycleListener.lifecycleEvent Loaded Apache Tomcat Native library [1.3.1] using APR version [1.7.4].
02-Dec-2025 04:34:47.408 INFO [main] org.apache.catalina.core.AprLifecycleListener.lifecycleEvent APR capabilities: IPv6 [true], sendfile [true], accept filters [false], random [true], UDS [true].
02-Dec-2025 04:34:47.408 INFO [main] org.apache.catalina.core.AprLifecycleListener.lifecycleEvent APR/OpenSSL configuration: useAprConnector [false], useOpenSSL [true]
02-Dec-2025 04:34:47.415 INFO [main] org.apache.catalina.core.AprLifecycleListener.initializeSSL OpenSSL successfully initialized [OpenSSL 3.0.14 4 Jun 2024]
02-Dec-2025 04:34:47.649 INFO [main] org.apache.coyote.AbstractProtocol.init Initializing ProtocolHandler ["http-nio-8080"]
02-Dec-2025 04:34:47.668 INFO [main] org.apache.catalina.startup.Catalina.load Server initialization in [412] milliseconds
02-Dec-2025 04:34:47.699 INFO [main] org.apache.catalina.core.StandardService.startInternal Starting service [Catalina]
02-Dec-2025 04:34:47.699 INFO [main] org.apache.catalina.core.StandardEngine.startInternal Starting Servlet engine: [Apache Tomcat/9.0.112]
02-Dec-2025 04:34:47.714 INFO [main] org.apache.catalina.startup.HostConfig.deployWAR Deploying web application archive [C:\Users\pvptr\Desktop\DefectLoginSystem\Tomcat\webapps\Login_V.war]
02-Dec-2025 04:34:47.844 WARNING [main] org.apache.tomcat.util.descriptor.web.WebXml.setVersion Unknown version string [6.0]. Default version will be used.
02-Dec-2025 04:34:48.372 INFO [main] org.apache.jasper.servlet.TldScanner.scanJars At least one JAR was scanned for TLDs yet contained no TLDs. Enable debug logging for this logger for a complete list of JARs that were scanned but no TLDs were found in them. Skipping unneeded JARs during scanning can improve startup time and JSP compilation time.
02-Dec-2025 04:34:48.439 INFO [main] org.apache.catalina.startup.HostConfig.deployWAR Deployment of web application archive [C:\Users\pvptr\Desktop\DefectLoginSystem\Tomcat\webapps\Login_V.war] has finished in [723] ms
02-Dec-2025 04:34:48.440 INFO [main] org.apache.catalina.startup.HostConfig.deployDirectory Deploying web application directory [C:\Users\pvptr\Desktop\DefectLoginSystem\Tomcat\webapps\docs]
02-Dec-2025 04:34:48.479 INFO [main] org.apache.catalina.startup.HostConfig.deployDirectory Deployment of web application directory [C:\Users\pvptr\Desktop\DefectLoginSystem\Tomcat\webapps\docs] has finished in [39] ms
02-Dec-2025 04:34:48.480 INFO [main] org.apache.catalina.startup.HostConfig.deployDirectory Deploying web application directory [C:\Users\pvptr\Desktop\DefectLoginSystem\Tomcat\webapps\examples]
02-Dec-2025 04:34:48.863 INFO [main] org.apache.catalina.startup.HostConfig.deployDirectory Deployment of web application directory [C:\Users\pvptr\Desktop\DefectLoginSystem\Tomcat\webapps\examples] has finished in [383] ms
02-Dec-2025 04:34:48.863 INFO [main] org.apache.catalina.startup.HostConfig.deployDirectory Deploying web application directory [C:\Users\pvptr\Desktop\DefectLoginSystem\Tomcat\webapps\host-manager]
02-Dec-2025 04:34:48.907 INFO [main] org.apache.catalina.startup.HostConfig.deployDirectory Deployment of web application directory [C:\Users\pvptr\Desktop\DefectLoginSystem\Tomcat\webapps\host-manager] has finished in [44] ms
02-Dec-2025 04:34:48.908 INFO [main] org.apache.catalina.startup.HostConfig.deployDirectory Deploying web application directory [C:\Users\pvptr\Desktop\DefectLoginSystem\Tomcat\webapps\manager]
02-Dec-2025 04:34:48.961 INFO [main] org.apache.catalina.startup.HostConfig.deployDirectory Deployment of web application directory [C:\Users\pvptr\Desktop\DefectLoginSystem\Tomcat\webapps\manager] has finished in [53] ms
02-Dec-2025 04:34:48.961 INFO [main] org.apache.catalina.startup.HostConfig.deployDirectory Deploying web application directory [C:\Users\pvptr\Desktop\DefectLoginSystem\Tomcat\webapps\ROOT]
02-Dec-2025 04:34:48.991 INFO [main] org.apache.catalina.startup.HostConfig.deployDirectory Deployment of web application directory [C:\Users\pvptr\Desktop\DefectLoginSystem\Tomcat\webapps\ROOT] has finished in [30] ms
02-Dec-2025 04:34:48.996 INFO [main] org.apache.coyote.AbstractProtocol.start Starting ProtocolHandler ["http-nio-8080"]
02-Dec-2025 04:34:49.022 INFO [main] org.apache.catalina.startup.Catalina.start Server startup in [1351] milliseconds
02-Dec-2025 04:44:49.786 INFO [Catalina-utility-2] org.apache.catalina.startup.HostConfig.undeploy Undeploying context [/Login_V]
02-Dec-2025 04:44:49.813 WARNING [Catalina-utility-2] org.apache.catalina.loader.WebappClassLoaderBase.clearReferencesJdbc The web application [Login_V] registered the JDBC driver [com.mysql.cj.jdbc.Driver] but failed to unregister it when the web application was stopped. To prevent a memory leak, the JDBC Driver has been forcibly unregistered.
02-Dec-2025 04:44:49.814 WARNING [Catalina-utility-2] org.apache.catalina.loader.WebappClassLoaderBase.clearReferencesThreads The web application [Login_V] appears to have started a thread named [mysql-cj-abandoned-connection-cleanup] but has failed to stop it. This is very likely to create a memory leak. Stack trace of thread:
 java.base/java.lang.Object.wait0(Native Method)
 java.base/java.lang.Object.wait(Object.java:389)
 java.base/java.lang.ref.ReferenceQueue.remove0(ReferenceQueue.java:123)
 java.base/java.lang.ref.ReferenceQueue.remove(ReferenceQueue.java:201)
 com.mysql.cj.jdbc.AbandonedConnectionCleanupThread.run(AbandonedConnectionCleanupThread.java:84)
 java.base/java.util.concurrent.ThreadPoolExecutor.runWorker(ThreadPoolExecutor.java:1090)
 java.base/java.util.concurrent.ThreadPoolExecutor$Worker.run(ThreadPoolExecutor.java:614)
 java.base/java.lang.Thread.run(Thread.java:1474)
02-Dec-2025 04:45:13.279 INFO [main] org.apache.catalina.startup.VersionLoggerListener.log Server version name:   Apache Tomcat/9.0.112
02-Dec-2025 04:45:13.282 INFO [main] org.apache.catalina.startup.VersionLoggerListener.log Server built:          Nov 6 2025 07:46:18 UTC
02-Dec-2025 04:45:13.282 INFO [main] org.apache.catalina.startup.VersionLoggerListener.log Server version number: 9.0.112.0
02-Dec-2025 04:45:13.282 INFO [main] org.apache.catalina.startup.VersionLoggerListener.log OS Name:               Windows 11
02-Dec-2025 04:45:13.282 INFO [main] org.apache.catalina.startup.VersionLoggerListener.log OS Version:            10.0
02-Dec-2025 04:45:13.283 INFO [main] org.apache.catalina.startup.VersionLoggerListener.log Architecture:          amd64
02-Dec-2025 04:45:13.283 INFO [main] org.apache.catalina.startup.VersionLoggerListener.log Java Home:             C:\Program Files\Java\jdk-25
02-Dec-2025 04:45:13.283 INFO [main] org.apache.catalina.startup.VersionLoggerListener.log JVM Version:           25+37-LTS-3491
02-Dec-2025 04:45:13.283 INFO [main] org.apache.catalina.startup.VersionLoggerListener.log JVM Vendor:            Oracle Corporation
02-Dec-2025 04:45:13.283 INFO [main] org.apache.catalina.startup.VersionLoggerListener.log CATALINA_BASE:         C:\Users\pvptr\Desktop\DefectLoginSystem\Tomcat
02-Dec-2025 04:45:13.284 INFO [main] org.apache.catalina.startup.VersionLoggerListener.log CATALINA_HOME:         C:\Users\pvptr\Desktop\DefectLoginSystem\Tomcat
02-Dec-2025 04:45:13.291 INFO [main] org.apache.catalina.startup.VersionLoggerListener.log Command line argument: --add-opens=java.base/java.lang=ALL-UNNAMED
02-Dec-2025 04:45:13.292 INFO [main] org.apache.catalina.startup.VersionLoggerListener.log Command line argument: --add-opens=java.base/java.lang.invoke=ALL-UNNAMED
02-Dec-2025 04:45:13.292 INFO [main] org.apache.catalina.startup.VersionLoggerListener.log Command line argument: --add-opens=java.base/java.lang.reflect=ALL-UNNAMED
02-Dec-2025 04:45:13.292 INFO [main] org.apache.catalina.startup.VersionLoggerListener.log Command line argument: --add-opens=java.base/java.io=ALL-UNNAMED
02-Dec-2025 04:45:13.293 INFO [main] org.apache.catalina.startup.VersionLoggerListener.log Command line argument: --add-opens=java.base/java.util=ALL-UNNAMED
02-Dec-2025 04:45:13.293 INFO [main] org.apache.catalina.startup.VersionLoggerListener.log Command line argument: --add-opens=java.base/java.util.concurrent=ALL-UNNAMED
02-Dec-2025 04:45:13.293 INFO [main] org.apache.catalina.startup.VersionLoggerListener.log Command line argument: --add-opens=java.rmi/sun.rmi.transport=ALL-UNNAMED
02-Dec-2025 04:45:13.293 INFO [main] org.apache.catalina.startup.VersionLoggerListener.log Command line argument: -Djava.util.logging.config.file=C:\Users\pvptr\Desktop\DefectLoginSystem\Tomcat\conf\logging.properties
02-Dec-2025 04:45:13.293 INFO [main] org.apache.catalina.startup.VersionLoggerListener.log Command line argument: -Djava.util.logging.manager=org.apache.juli.ClassLoaderLogManager
02-Dec-2025 04:45:13.293 INFO [main] org.apache.catalina.startup.VersionLoggerListener.log Command line argument: -Djdk.tls.ephemeralDHKeySize=2048
02-Dec-2025 04:45:13.293 INFO [main] org.apache.catalina.startup.VersionLoggerListener.log Command line argument: -Djava.protocol.handler.pkgs=org.apache.catalina.webresources
02-Dec-2025 04:45:13.293 INFO [main] org.apache.catalina.startup.VersionLoggerListener.log Command line argument: -Dsun.io.useCanonCaches=false
02-Dec-2025 04:45:13.293 INFO [main] org.apache.catalina.startup.VersionLoggerListener.log Command line argument: -Dignore.endorsed.dirs=
02-Dec-2025 04:45:13.294 INFO [main] org.apache.catalina.startup.VersionLoggerListener.log Command line argument: -Dcatalina.base=C:\Users\pvptr\Desktop\DefectLoginSystem\Tomcat
02-Dec-2025 04:45:13.294 INFO [main] org.apache.catalina.startup.VersionLoggerListener.log Command line argument: -Dcatalina.home=C:\Users\pvptr\Desktop\DefectLoginSystem\Tomcat
02-Dec-2025 04:45:13.294 INFO [main] org.apache.catalina.startup.VersionLoggerListener.log Command line argument: -Djava.io.tmpdir=C:\Users\pvptr\Desktop\DefectLoginSystem\Tomcat\temp
02-Dec-2025 04:45:13.299 INFO [main] org.apache.catalina.core.AprLifecycleListener.lifecycleEvent Loaded Apache Tomcat Native library [1.3.1] using APR version [1.7.4].
02-Dec-2025 04:45:13.299 INFO [main] org.apache.catalina.core.AprLifecycleListener.lifecycleEvent APR capabilities: IPv6 [true], sendfile [true], accept filters [false], random [true], UDS [true].
02-Dec-2025 04:45:13.299 INFO [main] org.apache.catalina.core.AprLifecycleListener.lifecycleEvent APR/OpenSSL configuration: useAprConnector [false], useOpenSSL [true]
02-Dec-2025 04:45:13.307 INFO [main] org.apache.catalina.core.AprLifecycleListener.initializeSSL OpenSSL successfully initialized [OpenSSL 3.0.14 4 Jun 2024]
02-Dec-2025 04:45:13.552 INFO [main] org.apache.coyote.AbstractProtocol.init Initializing ProtocolHandler ["http-nio-8080"]
02-Dec-2025 04:45:13.574 INFO [main] org.apache.catalina.startup.Catalina.load Server initialization in [426] milliseconds
02-Dec-2025 04:45:13.606 INFO [main] org.apache.catalina.core.StandardService.startInternal Starting service [Catalina]
02-Dec-2025 04:45:13.606 INFO [main] org.apache.catalina.core.StandardEngine.startInternal Starting Servlet engine: [Apache Tomcat/9.0.112]
02-Dec-2025 04:45:13.616 INFO [main] org.apache.catalina.startup.HostConfig.deployDirectory Deploying web application directory [C:\Users\pvptr\Desktop\DefectLoginSystem\Tomcat\webapps\docs]
02-Dec-2025 04:45:13.870 INFO [main] org.apache.catalina.startup.HostConfig.deployDirectory Deployment of web application directory [C:\Users\pvptr\Desktop\DefectLoginSystem\Tomcat\webapps\docs] has finished in [250] ms
02-Dec-2025 04:45:13.870 INFO [main] org.apache.catalina.startup.HostConfig.deployDirectory Deploying web application directory [C:\Users\pvptr\Desktop\DefectLoginSystem\Tomcat\webapps\examples]
02-Dec-2025 04:45:14.317 INFO [main] org.apache.catalina.startup.HostConfig.deployDirectory Deployment of web application directory [C:\Users\pvptr\Desktop\DefectLoginSystem\Tomcat\webapps\examples] has finished in [447] ms
02-Dec-2025 04:45:14.318 INFO [main] org.apache.catalina.startup.HostConfig.deployDirectory Deploying web application directory [C:\Users\pvptr\Desktop\DefectLoginSystem\Tomcat\webapps\host-manager]
02-Dec-2025 04:45:14.354 INFO [main] org.apache.catalina.startup.HostConfig.deployDirectory Deployment of web application directory [C:\Users\pvptr\Desktop\DefectLoginSystem\Tomcat\webapps\host-manager] has finished in [35] ms
02-Dec-2025 04:45:14.354 INFO [main] org.apache.catalina.startup.HostConfig.deployDirectory Deploying web application directory [C:\Users\pvptr\Desktop\DefectLoginSystem\Tomcat\webapps\manager]
02-Dec-2025 04:45:14.393 INFO [main] org.apache.catalina.startup.HostConfig.deployDirectory Deployment of web application directory [C:\Users\pvptr\Desktop\DefectLoginSystem\Tomcat\webapps\manager] has finished in [39] ms
02-Dec-2025 04:45:14.394 INFO [main] org.apache.catalina.startup.HostConfig.deployDirectory Deploying web application directory [C:\Users\pvptr\Desktop\DefectLoginSystem\Tomcat\webapps\ROOT]
02-Dec-2025 04:45:14.422 INFO [main] org.apache.catalina.startup.HostConfig.deployDirectory Deployment of web application directory [C:\Users\pvptr\Desktop\DefectLoginSystem\Tomcat\webapps\ROOT] has finished in [28] ms
02-Dec-2025 04:45:14.427 INFO [main] org.apache.coyote.AbstractProtocol.start Starting ProtocolHandler ["http-nio-8080"]
02-Dec-2025 04:45:14.454 INFO [main] org.apache.catalina.startup.Catalina.start Server startup in [877] milliseconds
02-Dec-2025 04:46:03.197 INFO [main] org.apache.catalina.startup.VersionLoggerListener.log Server version name:   Apache Tomcat/9.0.112
02-Dec-2025 04:46:03.199 INFO [main] org.apache.catalina.startup.VersionLoggerListener.log Server built:          Nov 6 2025 07:46:18 UTC
02-Dec-2025 04:46:03.199 INFO [main] org.apache.catalina.startup.VersionLoggerListener.log Server version number: 9.0.112.0
02-Dec-2025 04:46:03.199 INFO [main] org.apache.catalina.startup.VersionLoggerListener.log OS Name:               Windows 11
02-Dec-2025 04:46:03.200 INFO [main] org.apache.catalina.startup.VersionLoggerListener.log OS Version:            10.0
02-Dec-2025 04:46:03.200 INFO [main] org.apache.catalina.startup.VersionLoggerListener.log Architecture:          amd64
02-Dec-2025 04:46:03.200 INFO [main] org.apache.catalina.startup.VersionLoggerListener.log Java Home:             C:\Program Files\Java\jdk-25
02-Dec-2025 04:46:03.200 INFO [main] org.apache.catalina.startup.VersionLoggerListener.log JVM Version:           25+37-LTS-3491
02-Dec-2025 04:46:03.200 INFO [main] org.apache.catalina.startup.VersionLoggerListener.log JVM Vendor:            Oracle Corporation
02-Dec-2025 04:46:03.200 INFO [main] org.apache.catalina.startup.VersionLoggerListener.log CATALINA_BASE:         C:\Users\pvptr\Desktop\DefectLoginSystem\Tomcat
02-Dec-2025 04:46:03.201 INFO [main] org.apache.catalina.startup.VersionLoggerListener.log CATALINA_HOME:         C:\Users\pvptr\Desktop\DefectLoginSystem\Tomcat
02-Dec-2025 04:46:03.209 INFO [main] org.apache.catalina.startup.VersionLoggerListener.log Command line argument: --add-opens=java.base/java.lang=ALL-UNNAMED
02-Dec-2025 04:46:03.209 INFO [main] org.apache.catalina.startup.VersionLoggerListener.log Command line argument: --add-opens=java.base/java.lang.invoke=ALL-UNNAMED
02-Dec-2025 04:46:03.210 INFO [main] org.apache.catalina.startup.VersionLoggerListener.log Command line argument: --add-opens=java.base/java.lang.reflect=ALL-UNNAMED
02-Dec-2025 04:46:03.210 INFO [main] org.apache.catalina.startup.VersionLoggerListener.log Command line argument: --add-opens=java.base/java.io=ALL-UNNAMED
02-Dec-2025 04:46:03.210 INFO [main] org.apache.catalina.startup.VersionLoggerListener.log Command line argument: --add-opens=java.base/java.util=ALL-UNNAMED
02-Dec-2025 04:46:03.210 INFO [main] org.apache.catalina.startup.VersionLoggerListener.log Command line argument: --add-opens=java.base/java.util.concurrent=ALL-UNNAMED
02-Dec-2025 04:46:03.210 INFO [main] org.apache.catalina.startup.VersionLoggerListener.log Command line argument: --add-opens=java.rmi/sun.rmi.transport=ALL-UNNAMED
02-Dec-2025 04:46:03.211 INFO [main] org.apache.catalina.startup.VersionLoggerListener.log Command line argument: -Djava.util.logging.config.file=C:\Users\pvptr\Desktop\DefectLoginSystem\Tomcat\conf\logging.properties
02-Dec-2025 04:46:03.211 INFO [main] org.apache.catalina.startup.VersionLoggerListener.log Command line argument: -Djava.util.logging.manager=org.apache.juli.ClassLoaderLogManager
02-Dec-2025 04:46:03.211 INFO [main] org.apache.catalina.startup.VersionLoggerListener.log Command line argument: -Djdk.tls.ephemeralDHKeySize=2048
02-Dec-2025 04:46:03.211 INFO [main] org.apache.catalina.startup.VersionLoggerListener.log Command line argument: -Djava.protocol.handler.pkgs=org.apache.catalina.webresources
02-Dec-2025 04:46:03.211 INFO [main] org.apache.catalina.startup.VersionLoggerListener.log Command line argument: -Dsun.io.useCanonCaches=false
02-Dec-2025 04:46:03.212 INFO [main] org.apache.catalina.startup.VersionLoggerListener.log Command line argument: -Dignore.endorsed.dirs=
02-Dec-2025 04:46:03.212 INFO [main] org.apache.catalina.startup.VersionLoggerListener.log Command line argument: -Dcatalina.base=C:\Users\pvptr\Desktop\DefectLoginSystem\Tomcat
02-Dec-2025 04:46:03.212 INFO [main] org.apache.catalina.startup.VersionLoggerListener.log Command line argument: -Dcatalina.home=C:\Users\pvptr\Desktop\DefectLoginSystem\Tomcat
02-Dec-2025 04:46:03.213 INFO [main] org.apache.catalina.startup.VersionLoggerListener.log Command line argument: -Djava.io.tmpdir=C:\Users\pvptr\Desktop\DefectLoginSystem\Tomcat\temp
02-Dec-2025 04:46:03.220 INFO [main] org.apache.catalina.core.AprLifecycleListener.lifecycleEvent Loaded Apache Tomcat Native library [1.3.1] using APR version [1.7.4].
02-Dec-2025 04:46:03.220 INFO [main] org.apache.catalina.core.AprLifecycleListener.lifecycleEvent APR capabilities: IPv6 [true], sendfile [true], accept filters [false], random [true], UDS [true].
02-Dec-2025 04:46:03.220 INFO [main] org.apache.catalina.core.AprLifecycleListener.lifecycleEvent APR/OpenSSL configuration: useAprConnector [false], useOpenSSL [true]
02-Dec-2025 04:46:03.228 INFO [main] org.apache.catalina.core.AprLifecycleListener.initializeSSL OpenSSL successfully initialized [OpenSSL 3.0.14 4 Jun 2024]
02-Dec-2025 04:46:03.468 INFO [main] org.apache.coyote.AbstractProtocol.init Initializing ProtocolHandler ["http-nio-8080"]
02-Dec-2025 04:46:03.487 INFO [main] org.apache.catalina.startup.Catalina.load Server initialization in [419] milliseconds
02-Dec-2025 04:46:03.519 INFO [main] org.apache.catalina.core.StandardService.startInternal Starting service [Catalina]
02-Dec-2025 04:46:03.519 INFO [main] org.apache.catalina.core.StandardEngine.startInternal Starting Servlet engine: [Apache Tomcat/9.0.112]
02-Dec-2025 04:46:03.527 INFO [main] org.apache.catalina.startup.HostConfig.deployDirectory Deploying web application directory [C:\Users\pvptr\Desktop\DefectLoginSystem\Tomcat\webapps\docs]
02-Dec-2025 04:46:03.746 INFO [main] org.apache.catalina.startup.HostConfig.deployDirectory Deployment of web application directory [C:\Users\pvptr\Desktop\DefectLoginSystem\Tomcat\webapps\docs] has finished in [217] ms
02-Dec-2025 04:46:03.746 INFO [main] org.apache.catalina.startup.HostConfig.deployDirectory Deploying web application directory [C:\Users\pvptr\Desktop\DefectLoginSystem\Tomcat\webapps\examples]
02-Dec-2025 04:46:04.192 INFO [main] org.apache.catalina.startup.HostConfig.deployDirectory Deployment of web application directory [C:\Users\pvptr\Desktop\DefectLoginSystem\Tomcat\webapps\examples] has finished in [446] ms
02-Dec-2025 04:46:04.192 INFO [main] org.apache.catalina.startup.HostConfig.deployDirectory Deploying web application directory [C:\Users\pvptr\Desktop\DefectLoginSystem\Tomcat\webapps\host-manager]
02-Dec-2025 04:46:04.230 INFO [main] org.apache.catalina.startup.HostConfig.deployDirectory Deployment of web application directory [C:\Users\pvptr\Desktop\DefectLoginSystem\Tomcat\webapps\host-manager] has finished in [38] ms
02-Dec-2025 04:46:04.231 INFO [main] org.apache.catalina.startup.HostConfig.deployDirectory Deploying web application directory [C:\Users\pvptr\Desktop\DefectLoginSystem\Tomcat\webapps\manager]
02-Dec-2025 04:46:04.270 INFO [main] org.apache.catalina.startup.HostConfig.deployDirectory Deployment of web application directory [C:\Users\pvptr\Desktop\DefectLoginSystem\Tomcat\webapps\manager] has finished in [39] ms
02-Dec-2025 04:46:04.270 INFO [main] org.apache.catalina.startup.HostConfig.deployDirectory Deploying web application directory [C:\Users\pvptr\Desktop\DefectLoginSystem\Tomcat\webapps\ROOT]
02-Dec-2025 04:46:04.304 INFO [main] org.apache.catalina.startup.HostConfig.deployDirectory Deployment of web application directory [C:\Users\pvptr\Desktop\DefectLoginSystem\Tomcat\webapps\ROOT] has finished in [34] ms
02-Dec-2025 04:46:04.311 INFO [main] org.apache.coyote.AbstractProtocol.start Starting ProtocolHandler ["http-nio-8080"]
02-Dec-2025 04:46:04.336 INFO [main] org.apache.catalina.startup.Catalina.start Server startup in [847] milliseconds
02-Dec-2025 04:48:02.064 INFO [main] org.apache.catalina.startup.VersionLoggerListener.log Server version name:   Apache Tomcat/9.0.112
02-Dec-2025 04:48:02.067 INFO [main] org.apache.catalina.startup.VersionLoggerListener.log Server built:          Nov 6 2025 07:46:18 UTC
02-Dec-2025 04:48:02.067 INFO [main] org.apache.catalina.startup.VersionLoggerListener.log Server version number: 9.0.112.0
02-Dec-2025 04:48:02.067 INFO [main] org.apache.catalina.startup.VersionLoggerListener.log OS Name:               Windows 11
02-Dec-2025 04:48:02.067 INFO [main] org.apache.catalina.startup.VersionLoggerListener.log OS Version:            10.0
02-Dec-2025 04:48:02.067 INFO [main] org.apache.catalina.startup.VersionLoggerListener.log Architecture:          amd64
02-Dec-2025 04:48:02.067 INFO [main] org.apache.catalina.startup.VersionLoggerListener.log Java Home:             C:\Program Files\Java\jdk-25
02-Dec-2025 04:48:02.068 INFO [main] org.apache.catalina.startup.VersionLoggerListener.log JVM Version:           25+37-LTS-3491
02-Dec-2025 04:48:02.068 INFO [main] org.apache.catalina.startup.VersionLoggerListener.log JVM Vendor:            Oracle Corporation
02-Dec-2025 04:48:02.068 INFO [main] org.apache.catalina.startup.VersionLoggerListener.log CATALINA_BASE:         C:\Users\pvptr\Desktop\DefectLoginSystem\Tomcat
02-Dec-2025 04:48:02.068 INFO [main] org.apache.catalina.startup.VersionLoggerListener.log CATALINA_HOME:         C:\Users\pvptr\Desktop\DefectLoginSystem\Tomcat
02-Dec-2025 04:48:02.077 INFO [main] org.apache.catalina.startup.VersionLoggerListener.log Command line argument: --add-opens=java.base/java.lang=ALL-UNNAMED
02-Dec-2025 04:48:02.078 INFO [main] org.apache.catalina.startup.VersionLoggerListener.log Command line argument: --add-opens=java.base/java.lang.invoke=ALL-UNNAMED
02-Dec-2025 04:48:02.078 INFO [main] org.apache.catalina.startup.VersionLoggerListener.log Command line argument: --add-opens=java.base/java.lang.reflect=ALL-UNNAMED
02-Dec-2025 04:48:02.078 INFO [main] org.apache.catalina.startup.VersionLoggerListener.log Command line argument: --add-opens=java.base/java.io=ALL-UNNAMED
02-Dec-2025 04:48:02.078 INFO [main] org.apache.catalina.startup.VersionLoggerListener.log Command line argument: --add-opens=java.base/java.util=ALL-UNNAMED
02-Dec-2025 04:48:02.078 INFO [main] org.apache.catalina.startup.VersionLoggerListener.log Command line argument: --add-opens=java.base/java.util.concurrent=ALL-UNNAMED
02-Dec-2025 04:48:02.079 INFO [main] org.apache.catalina.startup.VersionLoggerListener.log Command line argument: --add-opens=java.rmi/sun.rmi.transport=ALL-UNNAMED
02-Dec-2025 04:48:02.079 INFO [main] org.apache.catalina.startup.VersionLoggerListener.log Command line argument: -Djava.util.logging.config.file=C:\Users\pvptr\Desktop\DefectLoginSystem\Tomcat\conf\logging.properties
02-Dec-2025 04:48:02.079 INFO [main] org.apache.catalina.startup.VersionLoggerListener.log Command line argument: -Djava.util.logging.manager=org.apache.juli.ClassLoaderLogManager
02-Dec-2025 04:48:02.079 INFO [main] org.apache.catalina.startup.VersionLoggerListener.log Command line argument: -Djdk.tls.ephemeralDHKeySize=2048
02-Dec-2025 04:48:02.079 INFO [main] org.apache.catalina.startup.VersionLoggerListener.log Command line argument: -Djava.protocol.handler.pkgs=org.apache.catalina.webresources
02-Dec-2025 04:48:02.079 INFO [main] org.apache.catalina.startup.VersionLoggerListener.log Command line argument: -Dsun.io.useCanonCaches=false
02-Dec-2025 04:48:02.080 INFO [main] org.apache.catalina.startup.VersionLoggerListener.log Command line argument: -Dignore.endorsed.dirs=
02-Dec-2025 04:48:02.080 INFO [main] org.apache.catalina.startup.VersionLoggerListener.log Command line argument: -Dcatalina.base=C:\Users\pvptr\Desktop\DefectLoginSystem\Tomcat
02-Dec-2025 04:48:02.080 INFO [main] org.apache.catalina.startup.VersionLoggerListener.log Command line argument: -Dcatalina.home=C:\Users\pvptr\Desktop\DefectLoginSystem\Tomcat
02-Dec-2025 04:48:02.080 INFO [main] org.apache.catalina.startup.VersionLoggerListener.log Command line argument: -Djava.io.tmpdir=C:\Users\pvptr\Desktop\DefectLoginSystem\Tomcat\temp
02-Dec-2025 04:48:02.086 INFO [main] org.apache.catalina.core.AprLifecycleListener.lifecycleEvent Loaded Apache Tomcat Native library [1.3.1] using APR version [1.7.4].
02-Dec-2025 04:48:02.087 INFO [main] org.apache.catalina.core.AprLifecycleListener.lifecycleEvent APR capabilities: IPv6 [true], sendfile [true], accept filters [false], random [true], UDS [true].
02-Dec-2025 04:48:02.087 INFO [main] org.apache.catalina.core.AprLifecycleListener.lifecycleEvent APR/OpenSSL configuration: useAprConnector [false], useOpenSSL [true]
02-Dec-2025 04:48:02.095 INFO [main] org.apache.catalina.core.AprLifecycleListener.initializeSSL OpenSSL successfully initialized [OpenSSL 3.0.14 4 Jun 2024]
02-Dec-2025 04:48:02.374 INFO [main] org.apache.coyote.AbstractProtocol.init Initializing ProtocolHandler ["http-nio-8080"]
02-Dec-2025 04:48:02.403 INFO [main] org.apache.catalina.startup.Catalina.load Server initialization in [469] milliseconds
02-Dec-2025 04:48:02.454 INFO [main] org.apache.catalina.core.StandardService.startInternal Starting service [Catalina]
02-Dec-2025 04:48:02.455 INFO [main] org.apache.catalina.core.StandardEngine.startInternal Starting Servlet engine: [Apache Tomcat/9.0.112]
02-Dec-2025 04:48:02.475 INFO [main] org.apache.catalina.startup.HostConfig.deployWAR Deploying web application archive [C:\Users\pvptr\Desktop\DefectLoginSystem\Tomcat\webapps\LoginV.war]
02-Dec-2025 04:48:02.716 WARNING [main] org.apache.tomcat.util.descriptor.web.WebXml.setVersion Unknown version string [6.0]. Default version will be used.
02-Dec-2025 04:48:36.397 INFO [main] org.apache.catalina.startup.VersionLoggerListener.log Server version name:   Apache Tomcat/9.0.112
02-Dec-2025 04:48:36.400 INFO [main] org.apache.catalina.startup.VersionLoggerListener.log Server built:          Nov 6 2025 07:46:18 UTC
02-Dec-2025 04:48:36.400 INFO [main] org.apache.catalina.startup.VersionLoggerListener.log Server version number: 9.0.112.0
02-Dec-2025 04:48:36.401 INFO [main] org.apache.catalina.startup.VersionLoggerListener.log OS Name:               Windows 11
02-Dec-2025 04:48:36.401 INFO [main] org.apache.catalina.startup.VersionLoggerListener.log OS Version:            10.0
02-Dec-2025 04:48:36.401 INFO [main] org.apache.catalina.startup.VersionLoggerListener.log Architecture:          amd64
02-Dec-2025 04:48:36.401 INFO [main] org.apache.catalina.startup.VersionLoggerListener.log Java Home:             C:\Program Files\Java\jdk-25
02-Dec-2025 04:48:36.401 INFO [main] org.apache.catalina.startup.VersionLoggerListener.log JVM Version:           25+37-LTS-3491
02-Dec-2025 04:48:36.402 INFO [main] org.apache.catalina.startup.VersionLoggerListener.log JVM Vendor:            Oracle Corporation
02-Dec-2025 04:48:36.402 INFO [main] org.apache.catalina.startup.VersionLoggerListener.log CATALINA_BASE:         C:\Users\pvptr\Desktop\DefectLoginSystem\Tomcat
02-Dec-2025 04:48:36.402 INFO [main] org.apache.catalina.startup.VersionLoggerListener.log CATALINA_HOME:         C:\Users\pvptr\Desktop\DefectLoginSystem\Tomcat
02-Dec-2025 04:48:36.412 INFO [main] org.apache.catalina.startup.VersionLoggerListener.log Command line argument: --add-opens=java.base/java.lang=ALL-UNNAMED
02-Dec-2025 04:48:36.412 INFO [main] org.apache.catalina.startup.VersionLoggerListener.log Command line argument: --add-opens=java.base/java.lang.invoke=ALL-UNNAMED
02-Dec-2025 04:48:36.412 INFO [main] org.apache.catalina.startup.VersionLoggerListener.log Command line argument: --add-opens=java.base/java.lang.reflect=ALL-UNNAMED
02-Dec-2025 04:48:36.413 INFO [main] org.apache.catalina.startup.VersionLoggerListener.log Command line argument: --add-opens=java.base/java.io=ALL-UNNAMED
02-Dec-2025 04:48:36.413 INFO [main] org.apache.catalina.startup.VersionLoggerListener.log Command line argument: --add-opens=java.base/java.util=ALL-UNNAMED
02-Dec-2025 04:48:36.413 INFO [main] org.apache.catalina.startup.VersionLoggerListener.log Command line argument: --add-opens=java.base/java.util.concurrent=ALL-UNNAMED
02-Dec-2025 04:48:36.413 INFO [main] org.apache.catalina.startup.VersionLoggerListener.log Command line argument: --add-opens=java.rmi/sun.rmi.transport=ALL-UNNAMED
02-Dec-2025 04:48:36.413 INFO [main] org.apache.catalina.startup.VersionLoggerListener.log Command line argument: -Djava.util.logging.config.file=C:\Users\pvptr\Desktop\DefectLoginSystem\Tomcat\conf\logging.properties
02-Dec-2025 04:48:36.414 INFO [main] org.apache.catalina.startup.VersionLoggerListener.log Command line argument: -Djava.util.logging.manager=org.apache.juli.ClassLoaderLogManager
02-Dec-2025 04:48:36.414 INFO [main] org.apache.catalina.startup.VersionLoggerListener.log Command line argument: -Djdk.tls.ephemeralDHKeySize=2048
02-Dec-2025 04:48:36.414 INFO [main] org.apache.catalina.startup.VersionLoggerListener.log Command line argument: -Djava.protocol.handler.pkgs=org.apache.catalina.webresources
02-Dec-2025 04:48:36.414 INFO [main] org.apache.catalina.startup.VersionLoggerListener.log Command line argument: -Dsun.io.useCanonCaches=false
02-Dec-2025 04:48:36.414 INFO [main] org.apache.catalina.startup.VersionLoggerListener.log Command line argument: -Dignore.endorsed.dirs=
02-Dec-2025 04:48:36.414 INFO [main] org.apache.catalina.startup.VersionLoggerListener.log Command line argument: -Dcatalina.base=C:\Users\pvptr\Desktop\DefectLoginSystem\Tomcat
02-Dec-2025 04:48:36.415 INFO [main] org.apache.catalina.startup.VersionLoggerListener.log Command line argument: -Dcatalina.home=C:\Users\pvptr\Desktop\DefectLoginSystem\Tomcat
02-Dec-2025 04:48:36.415 INFO [main] org.apache.catalina.startup.VersionLoggerListener.log Command line argument: -Djava.io.tmpdir=C:\Users\pvptr\Desktop\DefectLoginSystem\Tomcat\temp
02-Dec-2025 04:48:36.421 INFO [main] org.apache.catalina.core.AprLifecycleListener.lifecycleEvent Loaded Apache Tomcat Native library [1.3.1] using APR version [1.7.4].
02-Dec-2025 04:48:36.422 INFO [main] org.apache.catalina.core.AprLifecycleListener.lifecycleEvent APR capabilities: IPv6 [true], sendfile [true], accept filters [false], random [true], UDS [true].
02-Dec-2025 04:48:36.422 INFO [main] org.apache.catalina.core.AprLifecycleListener.lifecycleEvent APR/OpenSSL configuration: useAprConnector [false], useOpenSSL [true]
02-Dec-2025 04:48:36.430 INFO [main] org.apache.catalina.core.AprLifecycleListener.initializeSSL OpenSSL successfully initialized [OpenSSL 3.0.14 4 Jun 2024]
02-Dec-2025 04:48:36.674 INFO [main] org.apache.coyote.AbstractProtocol.init Initializing ProtocolHandler ["http-nio-8080"]
02-Dec-2025 04:48:36.692 INFO [main] org.apache.catalina.startup.Catalina.load Server initialization in [435] milliseconds
02-Dec-2025 04:48:36.726 INFO [main] org.apache.catalina.core.StandardService.startInternal Starting service [Catalina]
02-Dec-2025 04:48:36.726 INFO [main] org.apache.catalina.core.StandardEngine.startInternal Starting Servlet engine: [Apache Tomcat/9.0.112]
02-Dec-2025 04:48:36.741 INFO [main] org.apache.catalina.startup.HostConfig.deployWAR Deploying web application archive [C:\Users\pvptr\Desktop\DefectLoginSystem\Tomcat\webapps\Login_V.war]
02-Dec-2025 04:48:36.944 WARNING [main] org.apache.tomcat.util.descriptor.web.WebXml.setVersion Unknown version string [6.0]. Default version will be used.
02-Dec-2025 04:48:37.560 INFO [main] org.apache.jasper.servlet.TldScanner.scanJars At least one JAR was scanned for TLDs yet contained no TLDs. Enable debug logging for this logger for a complete list of JARs that were scanned but no TLDs were found in them. Skipping unneeded JARs during scanning can improve startup time and JSP compilation time.
02-Dec-2025 04:48:37.651 INFO [main] org.apache.catalina.startup.HostConfig.deployWAR Deployment of web application archive [C:\Users\pvptr\Desktop\DefectLoginSystem\Tomcat\webapps\Login_V.war] has finished in [909] ms
02-Dec-2025 04:48:37.653 INFO [main] org.apache.catalina.startup.HostConfig.deployDirectory Deploying web application directory [C:\Users\pvptr\Desktop\DefectLoginSystem\Tomcat\webapps\docs]
02-Dec-2025 04:48:37.710 INFO [main] org.apache.catalina.startup.HostConfig.deployDirectory Deployment of web application directory [C:\Users\pvptr\Desktop\DefectLoginSystem\Tomcat\webapps\docs] has finished in [57] ms
02-Dec-2025 04:48:37.711 INFO [main] org.apache.catalina.startup.HostConfig.deployDirectory Deploying web application directory [C:\Users\pvptr\Desktop\DefectLoginSystem\Tomcat\webapps\examples]
02-Dec-2025 04:48:38.266 INFO [main] org.apache.catalina.startup.HostConfig.deployDirectory Deployment of web application directory [C:\Users\pvptr\Desktop\DefectLoginSystem\Tomcat\webapps\examples] has finished in [554] ms
02-Dec-2025 04:48:38.266 INFO [main] org.apache.catalina.startup.HostConfig.deployDirectory Deploying web application directory [C:\Users\pvptr\Desktop\DefectLoginSystem\Tomcat\webapps\host-manager]
02-Dec-2025 04:48:38.312 INFO [main] org.apache.catalina.startup.HostConfig.deployDirectory Deployment of web application directory [C:\Users\pvptr\Desktop\DefectLoginSystem\Tomcat\webapps\host-manager] has finished in [46] ms
02-Dec-2025 04:48:38.313 INFO [main] org.apache.catalina.startup.HostConfig.deployDirectory Deploying web application directory [C:\Users\pvptr\Desktop\DefectLoginSystem\Tomcat\webapps\manager]
02-Dec-2025 04:48:38.353 INFO [main] org.apache.catalina.startup.HostConfig.deployDirectory Deployment of web application directory [C:\Users\pvptr\Desktop\DefectLoginSystem\Tomcat\webapps\manager] has finished in [40] ms
02-Dec-2025 04:48:38.354 INFO [main] org.apache.catalina.startup.HostConfig.deployDirectory Deploying web application directory [C:\Users\pvptr\Desktop\DefectLoginSystem\Tomcat\webapps\ROOT]
02-Dec-2025 04:48:38.384 INFO [main] org.apache.catalina.startup.HostConfig.deployDirectory Deployment of web application directory [C:\Users\pvptr\Desktop\DefectLoginSystem\Tomcat\webapps\ROOT] has finished in [30] ms
02-Dec-2025 04:48:38.387 INFO [main] org.apache.coyote.AbstractProtocol.start Starting ProtocolHandler ["http-nio-8080"]
02-Dec-2025 04:48:38.410 INFO [main] org.apache.catalina.startup.Catalina.start Server startup in [1715] milliseconds
02-Dec-2025 04:57:15.463 INFO [main] org.apache.catalina.startup.VersionLoggerListener.log Server version name:   Apache Tomcat/9.0.112
02-Dec-2025 04:57:15.466 INFO [main] org.apache.catalina.startup.VersionLoggerListener.log Server built:          Nov 6 2025 07:46:18 UTC
02-Dec-2025 04:57:15.467 INFO [main] org.apache.catalina.startup.VersionLoggerListener.log Server version number: 9.0.112.0
02-Dec-2025 04:57:15.467 INFO [main] org.apache.catalina.startup.VersionLoggerListener.log OS Name:               Windows 11
02-Dec-2025 04:57:15.467 INFO [main] org.apache.catalina.startup.VersionLoggerListener.log OS Version:            10.0
02-Dec-2025 04:57:15.467 INFO [main] org.apache.catalina.startup.VersionLoggerListener.log Architecture:          amd64
02-Dec-2025 04:57:15.467 INFO [main] org.apache.catalina.startup.VersionLoggerListener.log Java Home:             C:\Program Files\Java\jdk-25
02-Dec-2025 04:57:15.468 INFO [main] org.apache.catalina.startup.VersionLoggerListener.log JVM Version:           25+37-LTS-3491
02-Dec-2025 04:57:15.468 INFO [main] org.apache.catalina.startup.VersionLoggerListener.log JVM Vendor:            Oracle Corporation
02-Dec-2025 04:57:15.468 INFO [main] org.apache.catalina.startup.VersionLoggerListener.log CATALINA_BASE:         C:\Users\pvptr\Desktop\DefectLoginSystem\Tomcat
02-Dec-2025 04:57:15.468 INFO [main] org.apache.catalina.startup.VersionLoggerListener.log CATALINA_HOME:         C:\Users\pvptr\Desktop\DefectLoginSystem\Tomcat
02-Dec-2025 04:57:15.479 INFO [main] org.apache.catalina.startup.VersionLoggerListener.log Command line argument: --add-opens=java.base/java.lang=ALL-UNNAMED
02-Dec-2025 04:57:15.479 INFO [main] org.apache.catalina.startup.VersionLoggerListener.log Command line argument: --add-opens=java.base/java.lang.invoke=ALL-UNNAMED
02-Dec-2025 04:57:15.479 INFO [main] org.apache.catalina.startup.VersionLoggerListener.log Command line argument: --add-opens=java.base/java.lang.reflect=ALL-UNNAMED
02-Dec-2025 04:57:15.480 INFO [main] org.apache.catalina.startup.VersionLoggerListener.log Command line argument: --add-opens=java.base/java.io=ALL-UNNAMED
02-Dec-2025 04:57:15.480 INFO [main] org.apache.catalina.startup.VersionLoggerListener.log Command line argument: --add-opens=java.base/java.util=ALL-UNNAMED
02-Dec-2025 04:57:15.480 INFO [main] org.apache.catalina.startup.VersionLoggerListener.log Command line argument: --add-opens=java.base/java.util.concurrent=ALL-UNNAMED
02-Dec-2025 04:57:15.480 INFO [main] org.apache.catalina.startup.VersionLoggerListener.log Command line argument: --add-opens=java.rmi/sun.rmi.transport=ALL-UNNAMED
02-Dec-2025 04:57:15.480 INFO [main] org.apache.catalina.startup.VersionLoggerListener.log Command line argument: -Djava.util.logging.config.file=C:\Users\pvptr\Desktop\DefectLoginSystem\Tomcat\conf\logging.properties
02-Dec-2025 04:57:15.480 INFO [main] org.apache.catalina.startup.VersionLoggerListener.log Command line argument: -Djava.util.logging.manager=org.apache.juli.ClassLoaderLogManager
02-Dec-2025 04:57:15.481 INFO [main] org.apache.catalina.startup.VersionLoggerListener.log Command line argument: -Djdk.tls.ephemeralDHKeySize=2048
02-Dec-2025 04:57:15.481 INFO [main] org.apache.catalina.startup.VersionLoggerListener.log Command line argument: -Djava.protocol.handler.pkgs=org.apache.catalina.webresources
02-Dec-2025 04:57:15.481 INFO [main] org.apache.catalina.startup.VersionLoggerListener.log Command line argument: -Dsun.io.useCanonCaches=false
02-Dec-2025 04:57:15.481 INFO [main] org.apache.catalina.startup.VersionLoggerListener.log Command line argument: -Dignore.endorsed.dirs=
02-Dec-2025 04:57:15.481 INFO [main] org.apache.catalina.startup.VersionLoggerListener.log Command line argument: -Dcatalina.base=C:\Users\pvptr\Desktop\DefectLoginSystem\Tomcat
02-Dec-2025 04:57:15.481 INFO [main] org.apache.catalina.startup.VersionLoggerListener.log Command line argument: -Dcatalina.home=C:\Users\pvptr\Desktop\DefectLoginSystem\Tomcat
02-Dec-2025 04:57:15.481 INFO [main] org.apache.catalina.startup.VersionLoggerListener.log Command line argument: -Djava.io.tmpdir=C:\Users\pvptr\Desktop\DefectLoginSystem\Tomcat\temp
02-Dec-2025 04:57:15.488 INFO [main] org.apache.catalina.core.AprLifecycleListener.lifecycleEvent Loaded Apache Tomcat Native library [1.3.1] using APR version [1.7.4].
02-Dec-2025 04:57:15.488 INFO [main] org.apache.catalina.core.AprLifecycleListener.lifecycleEvent APR capabilities: IPv6 [true], sendfile [true], accept filters [false], random [true], UDS [true].
02-Dec-2025 04:57:15.488 INFO [main] org.apache.catalina.core.AprLifecycleListener.lifecycleEvent APR/OpenSSL configuration: useAprConnector [false], useOpenSSL [true]
02-Dec-2025 04:57:15.496 INFO [main] org.apache.catalina.core.AprLifecycleListener.initializeSSL OpenSSL successfully initialized [OpenSSL 3.0.14 4 Jun 2024]
02-Dec-2025 04:57:15.745 INFO [main] org.apache.coyote.AbstractProtocol.init Initializing ProtocolHandler ["http-nio-8080"]
02-Dec-2025 04:57:15.767 INFO [main] org.apache.catalina.startup.Catalina.load Server initialization in [443] milliseconds
02-Dec-2025 04:57:15.798 INFO [main] org.apache.catalina.core.StandardService.startInternal Starting service [Catalina]
02-Dec-2025 04:57:15.798 INFO [main] org.apache.catalina.core.StandardEngine.startInternal Starting Servlet engine: [Apache Tomcat/9.0.112]
02-Dec-2025 04:57:15.822 INFO [main] org.apache.catalina.startup.HostConfig.deployWAR Deploying web application archive [C:\Users\pvptr\Desktop\DefectLoginSystem\Tomcat\webapps\Login_V.war]
02-Dec-2025 04:57:15.955 WARNING [main] org.apache.tomcat.util.descriptor.web.WebXml.setVersion Unknown version string [6.0]. Default version will be used.
02-Dec-2025 04:57:16.528 INFO [main] org.apache.jasper.servlet.TldScanner.scanJars At least one JAR was scanned for TLDs yet contained no TLDs. Enable debug logging for this logger for a complete list of JARs that were scanned but no TLDs were found in them. Skipping unneeded JARs during scanning can improve startup time and JSP compilation time.
02-Dec-2025 04:57:16.597 INFO [main] org.apache.catalina.startup.HostConfig.deployWAR Deployment of web application archive [C:\Users\pvptr\Desktop\DefectLoginSystem\Tomcat\webapps\Login_V.war] has finished in [773] ms
02-Dec-2025 04:57:16.598 INFO [main] org.apache.catalina.startup.HostConfig.deployDirectory Deploying web application directory [C:\Users\pvptr\Desktop\DefectLoginSystem\Tomcat\webapps\docs]
02-Dec-2025 04:57:16.634 INFO [main] org.apache.catalina.startup.HostConfig.deployDirectory Deployment of web application directory [C:\Users\pvptr\Desktop\DefectLoginSystem\Tomcat\webapps\docs] has finished in [36] ms
02-Dec-2025 04:57:16.635 INFO [main] org.apache.catalina.startup.HostConfig.deployDirectory Deploying web application directory [C:\Users\pvptr\Desktop\DefectLoginSystem\Tomcat\webapps\examples]
02-Dec-2025 04:57:17.041 INFO [main] org.apache.catalina.startup.HostConfig.deployDirectory Deployment of web application directory [C:\Users\pvptr\Desktop\DefectLoginSystem\Tomcat\webapps\examples] has finished in [406] ms
02-Dec-2025 04:57:17.041 INFO [main] org.apache.catalina.startup.HostConfig.deployDirectory Deploying web application directory [C:\Users\pvptr\Desktop\DefectLoginSystem\Tomcat\webapps\host-manager]
02-Dec-2025 04:57:17.089 INFO [main] org.apache.catalina.startup.HostConfig.deployDirectory Deployment of web application directory [C:\Users\pvptr\Desktop\DefectLoginSystem\Tomcat\webapps\host-manager] has finished in [48] ms
02-Dec-2025 04:57:17.090 INFO [main] org.apache.catalina.startup.HostConfig.deployDirectory Deploying web application directory [C:\Users\pvptr\Desktop\DefectLoginSystem\Tomcat\webapps\manager]
02-Dec-2025 04:57:17.125 INFO [main] org.apache.catalina.startup.HostConfig.deployDirectory Deployment of web application directory [C:\Users\pvptr\Desktop\DefectLoginSystem\Tomcat\webapps\manager] has finished in [35] ms
02-Dec-2025 04:57:17.126 INFO [main] org.apache.catalina.startup.HostConfig.deployDirectory Deploying web application directory [C:\Users\pvptr\Desktop\DefectLoginSystem\Tomcat\webapps\ROOT]
02-Dec-2025 04:57:17.155 INFO [main] org.apache.catalina.startup.HostConfig.deployDirectory Deployment of web application directory [C:\Users\pvptr\Desktop\DefectLoginSystem\Tomcat\webapps\ROOT] has finished in [29] ms
02-Dec-2025 04:57:17.159 INFO [main] org.apache.coyote.AbstractProtocol.start Starting ProtocolHandler ["http-nio-8080"]
02-Dec-2025 04:57:17.181 INFO [main] org.apache.catalina.startup.Catalina.start Server startup in [1412] milliseconds
