26-Nov-2025 15:25:45.407 INFO [main] org.apache.catalina.core.ApplicationContext.log ContextListener: contextInitialized()
26-Nov-2025 15:25:45.407 INFO [main] org.apache.catalina.core.ApplicationContext.log SessionListener: contextInitialized()
26-Nov-2025 15:25:45.409 INFO [main] org.apache.catalina.core.ApplicationContext.log ContextListener: attributeAdded('StockTicker', 'async.Stockticker@19650aa6')
26-Nov-2025 15:28:31.275 INFO [main] org.apache.catalina.core.ApplicationContext.log ContextListener: contextInitialized()
26-Nov-2025 15:28:31.275 INFO [main] org.apache.catalina.core.ApplicationContext.log SessionListener: contextInitialized()
26-Nov-2025 15:28:31.277 INFO [main] org.apache.catalina.core.ApplicationContext.log ContextListener: attributeAdded('StockTicker', 'async.Stockticker@6778aea6')
26-Nov-2025 15:29:23.211 SEVERE [http-nio-8080-exec-5] org.apache.catalina.core.StandardWrapperValve.invoke Servlet.service() for servlet [RegisterServlet] in context with path [/Login_V] threw exception
	java.lang.NullPointerException: Cannot invoke "java.sql.Connection.prepareStatement(String)" because "conn" is null
		at DAO.UserDAO.getUserByUsername(UserDAO.java:38)
		at Service.UserRegisterService.register(UserRegisterService.java:17)
		at Controller.RegisterServlet.doPost(RegisterServlet.java:53)
		at javax.servlet.http.HttpServlet.service(HttpServlet.java:555)
		at javax.servlet.http.HttpServlet.service(HttpServlet.java:623)
		at org.apache.catalina.core.ApplicationFilterChain.internalDoFilter(ApplicationFilterChain.java:197)
		at org.apache.catalina.core.ApplicationFilterChain.doFilter(ApplicationFilterChain.java:142)
		at org.apache.tomcat.websocket.server.WsFilter.doFilter(WsFilter.java:51)
		at org.apache.catalina.core.ApplicationFilterChain.internalDoFilter(ApplicationFilterChain.java:166)
		at org.apache.catalina.core.ApplicationFilterChain.doFilter(ApplicationFilterChain.java:142)
		at org.apache.catalina.core.StandardWrapperValve.invoke(StandardWrapperValve.java:166)
		at org.apache.catalina.core.StandardContextValve.invoke(StandardContextValve.java:88)
		at org.apache.catalina.authenticator.AuthenticatorBase.invoke(AuthenticatorBase.java:481)
		at org.apache.catalina.core.StandardHostValve.invoke(StandardHostValve.java:127)
		at org.apache.catalina.valves.ErrorReportValve.invoke(ErrorReportValve.java:83)
		at org.apache.catalina.valves.AbstractAccessLogValve.invoke(AbstractAccessLogValve.java:643)
		at org.apache.catalina.core.StandardEngineValve.invoke(StandardEngineValve.java:72)
		at org.apache.catalina.connector.CoyoteAdapter.service(CoyoteAdapter.java:344)
		at org.apache.coyote.http11.Http11Processor.service(Http11Processor.java:398)
		at org.apache.coyote.AbstractProcessorLight.process(AbstractProcessorLight.java:63)
		at org.apache.coyote.AbstractProtocol$ConnectionHandler.process(AbstractProtocol.java:935)
		at org.apache.tomcat.util.net.NioEndpoint$SocketProcessor.doRun(NioEndpoint.java:1831)
		at org.apache.tomcat.util.net.SocketProcessorBase.run(SocketProcessorBase.java:52)
		at org.apache.tomcat.util.threads.ThreadPoolExecutor.runWorker(ThreadPoolExecutor.java:973)
		at org.apache.tomcat.util.threads.ThreadPoolExecutor$Worker.run(ThreadPoolExecutor.java:491)
		at org.apache.tomcat.util.threads.TaskThread$WrappingRunnable.run(TaskThread.java:63)
		at java.base/java.lang.Thread.run(Thread.java:1474)
26-Nov-2025 15:30:02.920 SEVERE [http-nio-8080-exec-3] org.apache.catalina.core.StandardWrapperValve.invoke Servlet.service() for servlet [LoginServlet] in context with path [/Login_V] threw exception
	java.lang.NullPointerException: Cannot invoke "java.sql.Connection.prepareStatement(String)" because "conn" is null
		at DAO.UserDAO.getUserByUsername(UserDAO.java:38)
		at Service.UserLoginService.login(UserLoginService.java:16)
		at Controller.LoginServlet.doPost(LoginServlet.java:42)
		at javax.servlet.http.HttpServlet.service(HttpServlet.java:555)
		at javax.servlet.http.HttpServlet.service(HttpServlet.java:623)
		at org.apache.catalina.core.ApplicationFilterChain.internalDoFilter(ApplicationFilterChain.java:197)
		at org.apache.catalina.core.ApplicationFilterChain.doFilter(ApplicationFilterChain.java:142)
		at org.apache.tomcat.websocket.server.WsFilter.doFilter(WsFilter.java:51)
		at org.apache.catalina.core.ApplicationFilterChain.internalDoFilter(ApplicationFilterChain.java:166)
		at org.apache.catalina.core.ApplicationFilterChain.doFilter(ApplicationFilterChain.java:142)
		at org.apache.catalina.core.StandardWrapperValve.invoke(StandardWrapperValve.java:166)
		at org.apache.catalina.core.StandardContextValve.invoke(StandardContextValve.java:88)
		at org.apache.catalina.authenticator.AuthenticatorBase.invoke(AuthenticatorBase.java:481)
		at org.apache.catalina.core.StandardHostValve.invoke(StandardHostValve.java:127)
		at org.apache.catalina.valves.ErrorReportValve.invoke(ErrorReportValve.java:83)
		at org.apache.catalina.valves.AbstractAccessLogValve.invoke(AbstractAccessLogValve.java:643)
		at org.apache.catalina.core.StandardEngineValve.invoke(StandardEngineValve.java:72)
		at org.apache.catalina.connector.CoyoteAdapter.service(CoyoteAdapter.java:344)
		at org.apache.coyote.http11.Http11Processor.service(Http11Processor.java:398)
		at org.apache.coyote.AbstractProcessorLight.process(AbstractProcessorLight.java:63)
		at org.apache.coyote.AbstractProtocol$ConnectionHandler.process(AbstractProtocol.java:935)
		at org.apache.tomcat.util.net.NioEndpoint$SocketProcessor.doRun(NioEndpoint.java:1831)
		at org.apache.tomcat.util.net.SocketProcessorBase.run(SocketProcessorBase.java:52)
		at org.apache.tomcat.util.threads.ThreadPoolExecutor.runWorker(ThreadPoolExecutor.java:973)
		at org.apache.tomcat.util.threads.ThreadPoolExecutor$Worker.run(ThreadPoolExecutor.java:491)
		at org.apache.tomcat.util.threads.TaskThread$WrappingRunnable.run(TaskThread.java:63)
		at java.base/java.lang.Thread.run(Thread.java:1474)
26-Nov-2025 15:44:15.479 INFO [main] org.apache.catalina.core.ApplicationContext.log ContextListener: contextInitialized()
26-Nov-2025 15:44:15.479 INFO [main] org.apache.catalina.core.ApplicationContext.log SessionListener: contextInitialized()
26-Nov-2025 15:44:15.481 INFO [main] org.apache.catalina.core.ApplicationContext.log ContextListener: attributeAdded('StockTicker', 'async.Stockticker@53ed09e8')
26-Nov-2025 15:52:01.062 INFO [main] org.apache.catalina.core.ApplicationContext.log ContextListener: contextInitialized()
26-Nov-2025 15:52:01.062 INFO [main] org.apache.catalina.core.ApplicationContext.log SessionListener: contextInitialized()
26-Nov-2025 15:52:01.064 INFO [main] org.apache.catalina.core.ApplicationContext.log ContextListener: attributeAdded('StockTicker', 'async.Stockticker@6778aea6')
26-Nov-2025 16:02:14.202 INFO [main] org.apache.catalina.core.ApplicationContext.log ContextListener: contextInitialized()
26-Nov-2025 16:02:14.202 INFO [main] org.apache.catalina.core.ApplicationContext.log SessionListener: contextInitialized()
26-Nov-2025 16:02:14.204 INFO [main] org.apache.catalina.core.ApplicationContext.log ContextListener: attributeAdded('StockTicker', 'async.Stockticker@6778aea6')
26-Nov-2025 16:19:49.036 INFO [main] org.apache.catalina.core.ApplicationContext.log ContextListener: contextInitialized()
26-Nov-2025 16:19:49.037 INFO [main] org.apache.catalina.core.ApplicationContext.log SessionListener: contextInitialized()
26-Nov-2025 16:19:49.039 INFO [main] org.apache.catalina.core.ApplicationContext.log ContextListener: attributeAdded('StockTicker', 'async.Stockticker@6778aea6')
26-Nov-2025 16:23:48.723 INFO [main] org.apache.catalina.core.ApplicationContext.log ContextListener: contextInitialized()
26-Nov-2025 16:23:48.723 INFO [main] org.apache.catalina.core.ApplicationContext.log SessionListener: contextInitialized()
26-Nov-2025 16:23:48.724 INFO [main] org.apache.catalina.core.ApplicationContext.log ContextListener: attributeAdded('StockTicker', 'async.Stockticker@6778aea6')
26-Nov-2025 16:24:46.445 INFO [main] org.apache.catalina.core.ApplicationContext.log ContextListener: contextInitialized()
26-Nov-2025 16:24:46.445 INFO [main] org.apache.catalina.core.ApplicationContext.log SessionListener: contextInitialized()
26-Nov-2025 16:24:46.447 INFO [main] org.apache.catalina.core.ApplicationContext.log ContextListener: attributeAdded('StockTicker', 'async.Stockticker@4e1ce44')
26-Nov-2025 16:26:14.267 INFO [main] org.apache.catalina.core.ApplicationContext.log ContextListener: contextInitialized()
26-Nov-2025 16:26:14.267 INFO [main] org.apache.catalina.core.ApplicationContext.log SessionListener: contextInitialized()
26-Nov-2025 16:26:14.270 INFO [main] org.apache.catalina.core.ApplicationContext.log ContextListener: attributeAdded('StockTicker', 'async.Stockticker@19650aa6')
26-Nov-2025 16:30:18.267 INFO [main] org.apache.catalina.core.ApplicationContext.log ContextListener: contextInitialized()
26-Nov-2025 16:30:18.267 INFO [main] org.apache.catalina.core.ApplicationContext.log SessionListener: contextInitialized()
26-Nov-2025 16:30:18.269 INFO [main] org.apache.catalina.core.ApplicationContext.log ContextListener: attributeAdded('StockTicker', 'async.Stockticker@59d77850')
